Performing C SOURCE FILE Test CMAKE_HAVE_LIBC_PTHREAD failed with the following output:
Change Dir: /home/pushkar/logs_ssd/udacity_project/route_planning/CppND-Route-Planning-Project/build/CMakeFiles/CMakeTmp

Run Build Command(s):/usr/bin/make -f Makefile cmTC_43ab8/fast && /usr/bin/make  -f CMakeFiles/cmTC_43ab8.dir/build.make CMakeFiles/cmTC_43ab8.dir/build
make[1]: Entering directory '/home/pushkar/logs_ssd/udacity_project/route_planning/CppND-Route-Planning-Project/build/CMakeFiles/CMakeTmp'
Building C object CMakeFiles/cmTC_43ab8.dir/src.c.o
/usr/bin/cc -DCMAKE_HAVE_LIBC_PTHREAD   -o CMakeFiles/cmTC_43ab8.dir/src.c.o -c /home/pushkar/logs_ssd/udacity_project/route_planning/CppND-Route-Planning-Project/build/CMakeFiles/CMakeTmp/src.c
Linking C executable cmTC_43ab8
/usr/local/bin/cmake -E cmake_link_script CMakeFiles/cmTC_43ab8.dir/link.txt --verbose=1
/usr/bin/cc -rdynamic CMakeFiles/cmTC_43ab8.dir/src.c.o -o cmTC_43ab8 
CMakeFiles/cmTC_43ab8.dir/src.c.o: In function `main':
src.c:(.text+0x3e): undefined reference to `pthread_create'
src.c:(.text+0x4a): undefined reference to `pthread_detach'
src.c:(.text+0x56): undefined reference to `pthread_cancel'
src.c:(.text+0x67): undefined reference to `pthread_join'
src.c:(.text+0x7b): undefined reference to `pthread_atfork'
collect2: error: ld returned 1 exit status
CMakeFiles/cmTC_43ab8.dir/build.make:98: recipe for target 'cmTC_43ab8' failed
make[1]: *** [cmTC_43ab8] Error 1
make[1]: Leaving directory '/home/pushkar/logs_ssd/udacity_project/route_planning/CppND-Route-Planning-Project/build/CMakeFiles/CMakeTmp'
Makefile:127: recipe for target 'cmTC_43ab8/fast' failed
make: *** [cmTC_43ab8/fast] Error 2


Source file was:
#include <pthread.h>

static void* test_func(void* data)
{
  return data;
}

int main(void)
{
  pthread_t thread;
  pthread_create(&thread, NULL, test_func, NULL);
  pthread_detach(thread);
  pthread_cancel(thread);
  pthread_join(thread, NULL);
  pthread_atfork(NULL, NULL, NULL);
  pthread_exit(NULL);

  return 0;
}

Determining if the function pthread_create exists in the pthreads failed with the following output:
Change Dir: /home/pushkar/logs_ssd/udacity_project/route_planning/CppND-Route-Planning-Project/build/CMakeFiles/CMakeTmp

Run Build Command(s):/usr/bin/make -f Makefile cmTC_cd5be/fast && /usr/bin/make  -f CMakeFiles/cmTC_cd5be.dir/build.make CMakeFiles/cmTC_cd5be.dir/build
make[1]: Entering directory '/home/pushkar/logs_ssd/udacity_project/route_planning/CppND-Route-Planning-Project/build/CMakeFiles/CMakeTmp'
Building C object CMakeFiles/cmTC_cd5be.dir/CheckFunctionExists.c.o
/usr/bin/cc   -DCHECK_FUNCTION_EXISTS=pthread_create -o CMakeFiles/cmTC_cd5be.dir/CheckFunctionExists.c.o -c /usr/local/share/cmake-3.20/Modules/CheckFunctionExists.c
Linking C executable cmTC_cd5be
/usr/local/bin/cmake -E cmake_link_script CMakeFiles/cmTC_cd5be.dir/link.txt --verbose=1
/usr/bin/cc  -DCHECK_FUNCTION_EXISTS=pthread_create -rdynamic CMakeFiles/cmTC_cd5be.dir/CheckFunctionExists.c.o -o cmTC_cd5be  -lpthreads 
/usr/bin/ld: cannot find -lpthreads
collect2: error: ld returned 1 exit status
CMakeFiles/cmTC_cd5be.dir/build.make:98: recipe for target 'cmTC_cd5be' failed
make[1]: *** [cmTC_cd5be] Error 1
make[1]: Leaving directory '/home/pushkar/logs_ssd/udacity_project/route_planning/CppND-Route-Planning-Project/build/CMakeFiles/CMakeTmp'
Makefile:127: recipe for target 'cmTC_cd5be/fast' failed
make: *** [cmTC_cd5be/fast] Error 2



